<?xml version="1.0" encoding="UTF-8"?>
<robot generator="Robot 3.1.2 (Python 3.7.1 on win32)" generated="20200424 10:53:29.880" rpa="false">
<suite id="s1" name="RobotFramework" source="C:\Users\Arjun\eclipse-workspace\RobotFramework">
<suite id="s1-s1" name="Test" source="C:\Users\Arjun\eclipse-workspace\RobotFramework\Test">
<suite id="s1-s1-s1" name="TestSuite2" source="C:\Users\Arjun\eclipse-workspace\RobotFramework\Test\TestSuite2.robot">
<kw name="Log" library="BuiltIn" type="setup">
<doc>Logs the given message with the given level.</doc>
<arguments>
<arg>I am inside Test suite setup</arg>
</arguments>
<msg timestamp="20200424 10:53:30.154" level="INFO">I am inside Test suite setup</msg>
<status status="PASS" starttime="20200424 10:53:30.154" endtime="20200424 10:53:30.154"></status>
</kw>
<test id="s1-s1-s1-t1" name="MyFirstTest">
<kw name="Run Keywords" library="BuiltIn" type="setup">
<doc>Executes all the given keywords in a sequence.</doc>
<arguments>
<arg>LaunchKW</arg>
</arguments>
<kw name="LaunchKW">
<kw name="Open Browser" library="SeleniumLibrary">
<doc>Opens a new browser instance to the optional ``url``.</doc>
<arguments>
<arg>${Url}</arg>
<arg>chrome</arg>
</arguments>
<msg timestamp="20200424 10:53:30.157" level="INFO">Opening browser 'chrome' to base url 'https://opensource-demo.orangehrmlive.com/'.</msg>
<status status="PASS" starttime="20200424 10:53:30.156" endtime="20200424 10:53:35.854"></status>
</kw>
<kw name="Log" library="BuiltIn">
<doc>Logs the given message with the given level.</doc>
<arguments>
<arg>I am inside Test setup</arg>
</arguments>
<msg timestamp="20200424 10:53:35.856" level="INFO">I am inside Test setup</msg>
<status status="PASS" starttime="20200424 10:53:35.854" endtime="20200424 10:53:35.856"></status>
</kw>
<status status="PASS" starttime="20200424 10:53:30.156" endtime="20200424 10:53:35.856"></status>
</kw>
<status status="PASS" starttime="20200424 10:53:30.155" endtime="20200424 10:53:35.857"></status>
</kw>
<kw name="Log" library="BuiltIn">
<doc>Logs the given message with the given level.</doc>
<arguments>
<arg>First Test Started</arg>
</arguments>
<msg timestamp="20200424 10:53:35.857" level="INFO">First Test Started</msg>
<status status="PASS" starttime="20200424 10:53:35.857" endtime="20200424 10:53:35.858"></status>
</kw>
<kw name="Run Keywords" library="BuiltIn" type="teardown">
<doc>Executes all the given keywords in a sequence.</doc>
<arguments>
<arg>ExitKW</arg>
</arguments>
<kw name="ExitKW">
<kw name="Sleep" library="BuiltIn">
<doc>Pauses the test executed for the given time.</doc>
<arguments>
<arg>3</arg>
</arguments>
<msg timestamp="20200424 10:53:38.859" level="INFO">Slept 3 seconds</msg>
<status status="PASS" starttime="20200424 10:53:35.859" endtime="20200424 10:53:38.859"></status>
</kw>
<kw name="Close Browser" library="SeleniumLibrary">
<doc>Closes the current browser.</doc>
<status status="PASS" starttime="20200424 10:53:38.860" endtime="20200424 10:53:41.216"></status>
</kw>
<kw name="Log" library="BuiltIn">
<doc>Logs the given message with the given level.</doc>
<arguments>
<arg>I am inside Test Teardown</arg>
</arguments>
<msg timestamp="20200424 10:53:41.218" level="INFO">I am inside Test Teardown</msg>
<status status="PASS" starttime="20200424 10:53:41.217" endtime="20200424 10:53:41.218"></status>
</kw>
<status status="PASS" starttime="20200424 10:53:35.858" endtime="20200424 10:53:41.219"></status>
</kw>
<status status="PASS" starttime="20200424 10:53:35.858" endtime="20200424 10:53:41.219"></status>
</kw>
<tags>
<tag>smoke</tag>
</tags>
<status status="PASS" starttime="20200424 10:53:30.155" endtime="20200424 10:53:41.220" critical="yes"></status>
</test>
<test id="s1-s1-s1-t2" name="MySecondTest">
<kw name="Run Keywords" library="BuiltIn" type="setup">
<doc>Executes all the given keywords in a sequence.</doc>
<arguments>
<arg>LaunchKW</arg>
</arguments>
<kw name="LaunchKW">
<kw name="Open Browser" library="SeleniumLibrary">
<doc>Opens a new browser instance to the optional ``url``.</doc>
<arguments>
<arg>${Url}</arg>
<arg>chrome</arg>
</arguments>
<msg timestamp="20200424 10:53:41.225" level="INFO">Opening browser 'chrome' to base url 'https://opensource-demo.orangehrmlive.com/'.</msg>
<status status="PASS" starttime="20200424 10:53:41.224" endtime="20200424 10:53:48.293"></status>
</kw>
<kw name="Log" library="BuiltIn">
<doc>Logs the given message with the given level.</doc>
<arguments>
<arg>I am inside Test setup</arg>
</arguments>
<msg timestamp="20200424 10:53:48.296" level="INFO">I am inside Test setup</msg>
<status status="PASS" starttime="20200424 10:53:48.294" endtime="20200424 10:53:48.296"></status>
</kw>
<status status="PASS" starttime="20200424 10:53:41.223" endtime="20200424 10:53:48.297"></status>
</kw>
<status status="PASS" starttime="20200424 10:53:41.223" endtime="20200424 10:53:48.298"></status>
</kw>
<kw name="Log" library="BuiltIn">
<doc>Logs the given message with the given level.</doc>
<arguments>
<arg>Second Test Started</arg>
</arguments>
<msg timestamp="20200424 10:53:48.299" level="INFO">Second Test Started</msg>
<status status="PASS" starttime="20200424 10:53:48.298" endtime="20200424 10:53:48.299"></status>
</kw>
<kw name="Remove Tags" library="BuiltIn">
<doc>Removes given ``tags`` from the current test or all tests in a suite.</doc>
<arguments>
<arg>smoke</arg>
</arguments>
<msg timestamp="20200424 10:53:48.301" level="INFO">Removed tag 'smoke'.</msg>
<status status="PASS" starttime="20200424 10:53:48.300" endtime="20200424 10:53:48.302"></status>
</kw>
<kw name="Set Tags" library="BuiltIn">
<doc>Adds given ``tags`` for the current test or all tests in a suite.</doc>
<arguments>
<arg>regression</arg>
</arguments>
<msg timestamp="20200424 10:53:48.303" level="INFO">Set tag 'regression'.</msg>
<status status="PASS" starttime="20200424 10:53:48.302" endtime="20200424 10:53:48.303"></status>
</kw>
<kw name="Run Keywords" library="BuiltIn" type="teardown">
<doc>Executes all the given keywords in a sequence.</doc>
<arguments>
<arg>ExitKW</arg>
</arguments>
<kw name="ExitKW">
<kw name="Sleep" library="BuiltIn">
<doc>Pauses the test executed for the given time.</doc>
<arguments>
<arg>3</arg>
</arguments>
<msg timestamp="20200424 10:53:51.306" level="INFO">Slept 3 seconds</msg>
<status status="PASS" starttime="20200424 10:53:48.305" endtime="20200424 10:53:51.306"></status>
</kw>
<kw name="Close Browser" library="SeleniumLibrary">
<doc>Closes the current browser.</doc>
<status status="PASS" starttime="20200424 10:53:51.306" endtime="20200424 10:53:53.674"></status>
</kw>
<kw name="Log" library="BuiltIn">
<doc>Logs the given message with the given level.</doc>
<arguments>
<arg>I am inside Test Teardown</arg>
</arguments>
<msg timestamp="20200424 10:53:53.676" level="INFO">I am inside Test Teardown</msg>
<status status="PASS" starttime="20200424 10:53:53.675" endtime="20200424 10:53:53.677"></status>
</kw>
<status status="PASS" starttime="20200424 10:53:48.304" endtime="20200424 10:53:53.677"></status>
</kw>
<status status="PASS" starttime="20200424 10:53:48.304" endtime="20200424 10:53:53.678"></status>
</kw>
<tags>
<tag>regression</tag>
</tags>
<status status="PASS" starttime="20200424 10:53:41.221" endtime="20200424 10:53:53.678" critical="yes"></status>
</test>
<test id="s1-s1-s1-t3" name="MyThirdTest">
<kw name="Run Keywords" library="BuiltIn" type="setup">
<doc>Executes all the given keywords in a sequence.</doc>
<arguments>
<arg>LaunchKW</arg>
</arguments>
<kw name="LaunchKW">
<kw name="Open Browser" library="SeleniumLibrary">
<doc>Opens a new browser instance to the optional ``url``.</doc>
<arguments>
<arg>${Url}</arg>
<arg>chrome</arg>
</arguments>
<msg timestamp="20200424 10:53:53.683" level="INFO">Opening browser 'chrome' to base url 'https://opensource-demo.orangehrmlive.com/'.</msg>
<status status="PASS" starttime="20200424 10:53:53.682" endtime="20200424 10:53:59.132"></status>
</kw>
<kw name="Log" library="BuiltIn">
<doc>Logs the given message with the given level.</doc>
<arguments>
<arg>I am inside Test setup</arg>
</arguments>
<msg timestamp="20200424 10:53:59.134" level="INFO">I am inside Test setup</msg>
<status status="PASS" starttime="20200424 10:53:59.133" endtime="20200424 10:53:59.135"></status>
</kw>
<status status="PASS" starttime="20200424 10:53:53.681" endtime="20200424 10:53:59.135"></status>
</kw>
<status status="PASS" starttime="20200424 10:53:53.681" endtime="20200424 10:53:59.136"></status>
</kw>
<kw name="Log" library="BuiltIn">
<doc>Logs the given message with the given level.</doc>
<arguments>
<arg>Third Test Started</arg>
</arguments>
<msg timestamp="20200424 10:53:59.137" level="INFO">Third Test Started</msg>
<status status="PASS" starttime="20200424 10:53:59.136" endtime="20200424 10:53:59.137"></status>
</kw>
<kw name="Run Keywords" library="BuiltIn" type="teardown">
<doc>Executes all the given keywords in a sequence.</doc>
<arguments>
<arg>ExitKW</arg>
</arguments>
<kw name="ExitKW">
<kw name="Sleep" library="BuiltIn">
<doc>Pauses the test executed for the given time.</doc>
<arguments>
<arg>3</arg>
</arguments>
<msg timestamp="20200424 10:54:02.139" level="INFO">Slept 3 seconds</msg>
<status status="PASS" starttime="20200424 10:53:59.138" endtime="20200424 10:54:02.139"></status>
</kw>
<kw name="Close Browser" library="SeleniumLibrary">
<doc>Closes the current browser.</doc>
<status status="PASS" starttime="20200424 10:54:02.140" endtime="20200424 10:54:04.422"></status>
</kw>
<kw name="Log" library="BuiltIn">
<doc>Logs the given message with the given level.</doc>
<arguments>
<arg>I am inside Test Teardown</arg>
</arguments>
<msg timestamp="20200424 10:54:04.424" level="INFO">I am inside Test Teardown</msg>
<status status="PASS" starttime="20200424 10:54:04.423" endtime="20200424 10:54:04.424"></status>
</kw>
<status status="PASS" starttime="20200424 10:53:59.138" endtime="20200424 10:54:04.425"></status>
</kw>
<status status="PASS" starttime="20200424 10:53:59.137" endtime="20200424 10:54:04.425"></status>
</kw>
<tags>
<tag>sanity</tag>
</tags>
<status status="PASS" starttime="20200424 10:53:53.679" endtime="20200424 10:54:04.426" critical="yes"></status>
</test>
<test id="s1-s1-s1-t4" name="MyFourthTest">
<kw name="Run Keywords" library="BuiltIn" type="setup">
<doc>Executes all the given keywords in a sequence.</doc>
<arguments>
<arg>LaunchKW</arg>
</arguments>
<kw name="LaunchKW">
<kw name="Open Browser" library="SeleniumLibrary">
<doc>Opens a new browser instance to the optional ``url``.</doc>
<arguments>
<arg>${Url}</arg>
<arg>chrome</arg>
</arguments>
<msg timestamp="20200424 10:54:04.431" level="INFO">Opening browser 'chrome' to base url 'https://opensource-demo.orangehrmlive.com/'.</msg>
<status status="PASS" starttime="20200424 10:54:04.430" endtime="20200424 10:54:11.398"></status>
</kw>
<kw name="Log" library="BuiltIn">
<doc>Logs the given message with the given level.</doc>
<arguments>
<arg>I am inside Test setup</arg>
</arguments>
<msg timestamp="20200424 10:54:11.401" level="INFO">I am inside Test setup</msg>
<status status="PASS" starttime="20200424 10:54:11.399" endtime="20200424 10:54:11.401"></status>
</kw>
<status status="PASS" starttime="20200424 10:54:04.429" endtime="20200424 10:54:11.402"></status>
</kw>
<status status="PASS" starttime="20200424 10:54:04.428" endtime="20200424 10:54:11.403"></status>
</kw>
<kw name="Log" library="BuiltIn">
<doc>Logs the given message with the given level.</doc>
<arguments>
<arg>Fourth Test Started</arg>
</arguments>
<msg timestamp="20200424 10:54:11.405" level="INFO">Fourth Test Started</msg>
<status status="PASS" starttime="20200424 10:54:11.404" endtime="20200424 10:54:11.405"></status>
</kw>
<kw name="Run Keywords" library="BuiltIn" type="teardown">
<doc>Executes all the given keywords in a sequence.</doc>
<arguments>
<arg>ExitKW</arg>
</arguments>
<kw name="ExitKW">
<kw name="Sleep" library="BuiltIn">
<doc>Pauses the test executed for the given time.</doc>
<arguments>
<arg>3</arg>
</arguments>
<msg timestamp="20200424 10:54:14.407" level="INFO">Slept 3 seconds</msg>
<status status="PASS" starttime="20200424 10:54:11.407" endtime="20200424 10:54:14.407"></status>
</kw>
<kw name="Close Browser" library="SeleniumLibrary">
<doc>Closes the current browser.</doc>
<status status="PASS" starttime="20200424 10:54:14.408" endtime="20200424 10:54:16.734"></status>
</kw>
<kw name="Log" library="BuiltIn">
<doc>Logs the given message with the given level.</doc>
<arguments>
<arg>I am inside Test Teardown</arg>
</arguments>
<msg timestamp="20200424 10:54:16.736" level="INFO">I am inside Test Teardown</msg>
<status status="PASS" starttime="20200424 10:54:16.735" endtime="20200424 10:54:16.736"></status>
</kw>
<status status="PASS" starttime="20200424 10:54:11.406" endtime="20200424 10:54:16.737"></status>
</kw>
<status status="PASS" starttime="20200424 10:54:11.406" endtime="20200424 10:54:16.737"></status>
</kw>
<tags>
<tag>smoke</tag>
</tags>
<status status="PASS" starttime="20200424 10:54:04.427" endtime="20200424 10:54:16.738" critical="yes"></status>
</test>
<kw name="Log" library="BuiltIn" type="teardown">
<doc>Logs the given message with the given level.</doc>
<arguments>
<arg>I am inside Test suite Teardown</arg>
</arguments>
<msg timestamp="20200424 10:54:16.741" level="INFO">I am inside Test suite Teardown</msg>
<status status="PASS" starttime="20200424 10:54:16.741" endtime="20200424 10:54:16.741"></status>
</kw>
<status status="PASS" starttime="20200424 10:53:29.947" endtime="20200424 10:54:16.742"></status>
</suite>
<status status="PASS" starttime="20200424 10:53:29.944" endtime="20200424 10:54:16.753"></status>
</suite>
<status status="PASS" starttime="20200424 10:53:29.914" endtime="20200424 10:54:16.761"></status>
</suite>
<statistics>
<total>
<stat pass="4" fail="0">Critical Tests</stat>
<stat pass="4" fail="0">All Tests</stat>
</total>
<tag>
<stat pass="1" fail="0">regression</stat>
<stat pass="1" fail="0">sanity</stat>
<stat pass="2" fail="0">smoke</stat>
</tag>
<suite>
<stat pass="4" fail="0" id="s1" name="RobotFramework">RobotFramework</stat>
<stat pass="4" fail="0" id="s1-s1" name="Test">RobotFramework.Test</stat>
<stat pass="4" fail="0" id="s1-s1-s1" name="TestSuite2">RobotFramework.Test.TestSuite2</stat>
</suite>
</statistics>
<errors>
</errors>
</robot>
